<?xml version="1.0" encoding="UTF-8"?>
<testng-results skipped="0" failed="0" total="1" passed="1">
  <reporter-output>
  </reporter-output>
  <suite name="Default suite" duration-ms="24760" started-at="2016-08-11T02:57:36Z" finished-at="2016-08-11T02:58:00Z">
    <groups>
    </groups>
    <test name="Default test" duration-ms="24760" started-at="2016-08-11T02:57:36Z" finished-at="2016-08-11T02:58:00Z">
      <class name="com.stock.master.ngexp">
        <test-method status="PASS" signature="openApp()[pri:0, instance:com.stock.master.ngexp@5c7ccd08]" name="openApp" duration-ms="24713" started-at="2016-08-11T08:27:36Z" finished-at="2016-08-11T08:28:00Z">
          <reporter-output>
          </reporter-output>
        </test-method> <!-- openApp -->
      </class> <!-- com.stock.master.ngexp -->
    </test> <!-- Default test -->
  </suite> <!-- Default suite -->
</testng-results>
